This is pdfTeX, Version 3.1415926-2.5-1.40.14 (MiKTeX 2.9) (preloaded format=pdflatex 2015.2.18)  21 FEB 2017 20:13
entering extended mode
**clustered_ucb.tex
(C:\Users\Subhojyoti\Desktop\github\bandit_ICML\clustered_ucb.tex
LaTeX2e <2011/06/27>
Babel <v3.8m> and hyphenation patterns for english, afrikaans, ancientgreek, ar
abic, armenian, assamese, basque, bengali, bokmal, bulgarian, catalan, coptic, 
croatian, czech, danish, dutch, esperanto, estonian, farsi, finnish, french, ga
lician, german, german-x-2013-05-26, greek, gujarati, hindi, hungarian, iceland
ic, indonesian, interlingua, irish, italian, kannada, kurmanji, latin, latvian,
 lithuanian, malayalam, marathi, mongolian, mongolianlmc, monogreek, ngerman, n
german-x-2013-05-26, nynorsk, oriya, panjabi, pinyin, polish, portuguese, roman
ian, russian, sanskrit, serbian, slovak, slovenian, spanish, swedish, swissgerm
an, tamil, telugu, turkish, turkmen, ukenglish, ukrainian, uppersorbian, usengl
ishmax, welsh, loaded.
("C:\Program Files (x86)\MiKTeX 2.9\tex\latex\base\article.cls"
Document Class: article 2007/10/19 v1.4h Standard LaTeX document class
("C:\Program Files (x86)\MiKTeX 2.9\tex\latex\base\size10.clo"
File: size10.clo 2007/10/19 v1.4h Standard LaTeX file (size option)
)
\c@part=\count79
\c@section=\count80
\c@subsection=\count81
\c@subsubsection=\count82
\c@paragraph=\count83
\c@subparagraph=\count84
\c@figure=\count85
\c@table=\count86
\abovecaptionskip=\skip41
\belowcaptionskip=\skip42
\bibindent=\dimen102
)
("C:\Program Files (x86)\MiKTeX 2.9\tex\latex\psnfss\times.sty"
Package: times 2005/04/12 PSNFSS-v9.2a (SPQR) 
)
("C:\Program Files (x86)\MiKTeX 2.9\tex\latex\graphics\graphicx.sty"
Package: graphicx 1999/02/16 v1.0f Enhanced LaTeX Graphics (DPC,SPQR)

("C:\Program Files (x86)\MiKTeX 2.9\tex\latex\graphics\keyval.sty"
Package: keyval 1999/03/16 v1.13 key=value parser (DPC)
\KV@toks@=\toks14
)
("C:\Program Files (x86)\MiKTeX 2.9\tex\latex\graphics\graphics.sty"
Package: graphics 2009/02/05 v1.0o Standard LaTeX Graphics (DPC,SPQR)

("C:\Program Files (x86)\MiKTeX 2.9\tex\latex\graphics\trig.sty"
Package: trig 1999/03/16 v1.09 sin cos tan (DPC)
)
("C:\Program Files (x86)\MiKTeX 2.9\tex\latex\00miktex\graphics.cfg"
File: graphics.cfg 2007/01/18 v1.5 graphics configuration of teTeX/TeXLive
)
Package graphics Info: Driver file: pdftex.def on input line 91.

("C:\Program Files (x86)\MiKTeX 2.9\tex\latex\pdftex-def\pdftex.def"
File: pdftex.def 2011/05/27 v0.06d Graphics/color for pdfTeX

("C:\Program Files (x86)\MiKTeX 2.9\tex\generic\oberdiek\infwarerr.sty"
Package: infwarerr 2010/04/08 v1.3 Providing info/warning/error messages (HO)
)
("C:\Program Files (x86)\MiKTeX 2.9\tex\generic\oberdiek\ltxcmds.sty"
Package: ltxcmds 2011/11/09 v1.22 LaTeX kernel commands for general use (HO)
)
\Gread@gobject=\count87
))
\Gin@req@height=\dimen103
\Gin@req@width=\dimen104
)
("C:\Program Files (x86)\MiKTeX 2.9\tex\latex\subfigure\subfigure.sty"
Package: subfigure 2002/07/30 v2.1.4 subfigure package
\subfigtopskip=\skip43
\subfigcapskip=\skip44
\subfigcaptopadj=\dimen105
\subfigbottomskip=\skip45
\subfigcapmargin=\dimen106
\subfiglabelskip=\skip46
\c@subfigure=\count88
\c@lofdepth=\count89
\c@subtable=\count90
\c@lotdepth=\count91

****************************************
* Local config file subfigure.cfg used *
****************************************
("C:\Program Files (x86)\MiKTeX 2.9\tex\latex\subfigure\subfigure.cfg")
\subfig@top=\skip47
\subfig@bottom=\skip48
)
(C:\Users\Subhojyoti\Desktop\github\bandit_ICML\natbib.sty
Package: natbib 2009/07/16 8.31 (PWD, AO)
\bibhang=\skip49
\bibsep=\skip50
LaTeX Info: Redefining \cite on input line 694.
\c@NAT@ctr=\count92
)
("C:\Program Files (x86)\MiKTeX 2.9\tex\latex\hyperref\hyperref.sty"
Package: hyperref 2012/11/06 v6.83m Hypertext links for LaTeX

("C:\Program Files (x86)\MiKTeX 2.9\tex\generic\oberdiek\hobsub-hyperref.sty"
Package: hobsub-hyperref 2012/04/25 v1.12 Bundle oberdiek, subset hyperref (HO)


("C:\Program Files (x86)\MiKTeX 2.9\tex\generic\oberdiek\hobsub-generic.sty"
Package: hobsub-generic 2012/04/25 v1.12 Bundle oberdiek, subset generic (HO)
Package: hobsub 2012/04/25 v1.12 Construct package bundles (HO)
Package hobsub Info: Skipping package `infwarerr' (already loaded).
Package hobsub Info: Skipping package `ltxcmds' (already loaded).
Package: ifluatex 2010/03/01 v1.3 Provides the ifluatex switch (HO)
Package ifluatex Info: LuaTeX not detected.
Package: ifvtex 2010/03/01 v1.5 Detect VTeX and its facilities (HO)
Package ifvtex Info: VTeX not detected.
Package: intcalc 2007/09/27 v1.1 Expandable calculations with integers (HO)
Package: ifpdf 2011/01/30 v2.3 Provides the ifpdf switch (HO)
Package ifpdf Info: pdfTeX in PDF mode is detected.
Package: etexcmds 2011/02/16 v1.5 Avoid name clashes with e-TeX commands (HO)
Package etexcmds Info: Could not find \expanded.
(etexcmds)             That can mean that you are not using pdfTeX 1.50 or
(etexcmds)             that some package has redefined \expanded.
(etexcmds)             In the latter case, load this package earlier.
Package: kvsetkeys 2012/04/25 v1.16 Key value parser (HO)
Package: kvdefinekeys 2011/04/07 v1.3 Define keys (HO)
Package: pdftexcmds 2011/11/29 v0.20 Utility functions of pdfTeX for LuaTeX (HO
)
Package pdftexcmds Info: LuaTeX not detected.
Package pdftexcmds Info: \pdf@primitive is available.
Package pdftexcmds Info: \pdf@ifprimitive is available.
Package pdftexcmds Info: \pdfdraftmode found.
Package: pdfescape 2011/11/25 v1.13 Implements pdfTeX's escape features (HO)
Package: bigintcalc 2012/04/08 v1.3 Expandable calculations on big integers (HO
)
Package: bitset 2011/01/30 v1.1 Handle bit-vector datatype (HO)
Package: uniquecounter 2011/01/30 v1.2 Provide unlimited unique counter (HO)
)
Package hobsub Info: Skipping package `hobsub' (already loaded).
Package: letltxmacro 2010/09/02 v1.4 Let assignment for LaTeX macros (HO)
Package: hopatch 2011/06/24 v1.1 Wrapper for package hooks (HO)
Package: xcolor-patch 2011/01/30 xcolor patch
Package: atveryend 2011/06/30 v1.8 Hooks at the very end of document (HO)
Package atveryend Info: \enddocument detected (standard20110627).
Package: atbegshi 2011/10/05 v1.16 At begin shipout hook (HO)
Package: refcount 2011/10/16 v3.4 Data extraction from label references (HO)
Package: hycolor 2011/01/30 v1.7 Color options for hyperref/bookmark (HO)
)
("C:\Program Files (x86)\MiKTeX 2.9\tex\generic\ifxetex\ifxetex.sty"
Package: ifxetex 2010/09/12 v0.6 Provides ifxetex conditional
)
("C:\Program Files (x86)\MiKTeX 2.9\tex\latex\oberdiek\auxhook.sty"
Package: auxhook 2011/03/04 v1.3 Hooks for auxiliary files (HO)
)
("C:\Program Files (x86)\MiKTeX 2.9\tex\latex\oberdiek\kvoptions.sty"
Package: kvoptions 2011/06/30 v3.11 Key value format for package options (HO)
)
\@linkdim=\dimen107
\Hy@linkcounter=\count93
\Hy@pagecounter=\count94

("C:\Program Files (x86)\MiKTeX 2.9\tex\latex\hyperref\pd1enc.def"
File: pd1enc.def 2012/11/06 v6.83m Hyperref: PDFDocEncoding definition (HO)
)
\Hy@SavedSpaceFactor=\count95

("C:\Program Files (x86)\MiKTeX 2.9\tex\latex\00miktex\hyperref.cfg"
File: hyperref.cfg 2002/06/06 v1.2 hyperref configuration of TeXLive
)
Package hyperref Info: Hyper figures OFF on input line 4443.
Package hyperref Info: Link nesting OFF on input line 4448.
Package hyperref Info: Hyper index ON on input line 4451.
Package hyperref Info: Plain pages OFF on input line 4458.
Package hyperref Info: Backreferencing OFF on input line 4463.
Package hyperref Info: Implicit mode ON; LaTeX internals redefined.
Package hyperref Info: Bookmarks ON on input line 4688.
\c@Hy@tempcnt=\count96

("C:\Program Files (x86)\MiKTeX 2.9\tex\latex\url\url.sty"
\Urlmuskip=\muskip10
Package: url 2013/09/16  ver 3.4  Verb mode for urls, etc.
)
LaTeX Info: Redefining \url on input line 5041.
\XeTeXLinkMargin=\dimen108
\Fld@menulength=\count97
\Field@Width=\dimen109
\Fld@charsize=\dimen110
Package hyperref Info: Hyper figures OFF on input line 6295.
Package hyperref Info: Link nesting OFF on input line 6300.
Package hyperref Info: Hyper index ON on input line 6303.
Package hyperref Info: backreferencing OFF on input line 6310.
Package hyperref Info: Link coloring OFF on input line 6315.
Package hyperref Info: Link coloring with OCG OFF on input line 6320.
Package hyperref Info: PDF/A mode OFF on input line 6325.
LaTeX Info: Redefining \ref on input line 6365.
LaTeX Info: Redefining \pageref on input line 6369.
\Hy@abspage=\count98
\c@Item=\count99
\c@Hfootnote=\count100
)

Package hyperref Message: Driver (autodetected): hpdftex.

("C:\Program Files (x86)\MiKTeX 2.9\tex\latex\hyperref\hpdftex.def"
File: hpdftex.def 2012/11/06 v6.83m Hyperref driver for pdfTeX
\Fld@listcount=\count101
\c@bookmark@seq@number=\count102

("C:\Program Files (x86)\MiKTeX 2.9\tex\latex\oberdiek\rerunfilecheck.sty"
Package: rerunfilecheck 2011/04/15 v1.7 Rerun checks for auxiliary files (HO)
Package uniquecounter Info: New unique counter `rerunfilecheck' on input line 2
82.
)
\Hy@SectionHShift=\skip51
)
(C:\Users\Subhojyoti\Desktop\github\bandit_ICML\icml2017.sty
Package: icml2017 2017/01/01 v2.0 ICML Conference Style File

(C:\Users\Subhojyoti\Desktop\github\bandit_ICML\fancyhdr.sty
\fancy@headwidth=\skip52
\f@ncyO@elh=\skip53
\f@ncyO@erh=\skip54
\f@ncyO@olh=\skip55
\f@ncyO@orh=\skip56
\f@ncyO@elf=\skip57
\f@ncyO@erf=\skip58
\f@ncyO@olf=\skip59
\f@ncyO@orf=\skip60
)
("C:\Program Files (x86)\MiKTeX 2.9\tex\latex\graphics\color.sty"
Package: color 2005/11/14 v1.0j Standard LaTeX Color (DPC)

("C:\Program Files (x86)\MiKTeX 2.9\tex\latex\00miktex\color.cfg"
File: color.cfg 2007/01/18 v1.5 color configuration of teTeX/TeXLive
)
Package color Info: Driver file: pdftex.def on input line 130.
)
(C:\Users\Subhojyoti\Desktop\github\bandit_ICML\eso-pic.sty
Package: eso-pic 2002/11/16 v1.1b eso-pic (RN)

("C:\Program Files (x86)\MiKTeX 2.9\tex\latex\ms\everyshi.sty"
Package: everyshi 2001/05/15 v3.00 EveryShipout Package (MS)
))
Package hyperref Info: Option `colorlinks' set `true' on input line 101.
\titrun=\box26
\c@@affiliationcounter=\count103
\c@@affilnum=\count104
\newcaptionbox=\box27
\newcaptionboxwid=\dimen111
\icmlrulerbox=\box28
\icmlrulercount=\count105
\icmlruleroffset=\dimen112
\cv@lineheight=\dimen113
\cv@boxheight=\dimen114
\cv@tmpbox=\box29
\cv@refno=\count106
\cv@tot=\count107
\cv@tmpc@=\count108
\cv@tmpc=\count109
)
(C:\Users\Subhojyoti\Desktop\github\bandit_ICML\macros.sty
("C:\Program Files (x86)\MiKTeX 2.9\tex\latex\amsfonts\amsfonts.sty"
Package: amsfonts 2013/01/14 v3.01 Basic AMSFonts support
\@emptytoks=\toks15
\symAMSa=\mathgroup4
\symAMSb=\mathgroup5
LaTeX Font Info:    Overwriting math alphabet `\mathfrak' in version `bold'
(Font)                  U/euf/m/n --> U/euf/b/n on input line 106.
)
("C:\Program Files (x86)\MiKTeX 2.9\tex\latex\amsmath\amsmath.sty"
Package: amsmath 2013/01/14 v2.14 AMS math features
\@mathmargin=\skip61

For additional information on amsmath, use the `?' option.
("C:\Program Files (x86)\MiKTeX 2.9\tex\latex\amsmath\amstext.sty"
Package: amstext 2000/06/29 v2.01

("C:\Program Files (x86)\MiKTeX 2.9\tex\latex\amsmath\amsgen.sty"
File: amsgen.sty 1999/11/30 v2.0
\@emptytoks=\toks16
\ex@=\dimen115
))
("C:\Program Files (x86)\MiKTeX 2.9\tex\latex\amsmath\amsbsy.sty"
Package: amsbsy 1999/11/29 v1.2d
\pmbraise@=\dimen116
)
("C:\Program Files (x86)\MiKTeX 2.9\tex\latex\amsmath\amsopn.sty"
Package: amsopn 1999/12/14 v2.01 operator names
)
\inf@bad=\count110
LaTeX Info: Redefining \frac on input line 210.
\uproot@=\count111
\leftroot@=\count112
LaTeX Info: Redefining \overline on input line 306.
\classnum@=\count113
\DOTSCASE@=\count114
LaTeX Info: Redefining \ldots on input line 378.
LaTeX Info: Redefining \dots on input line 381.
LaTeX Info: Redefining \cdots on input line 466.
\Mathstrutbox@=\box30
\strutbox@=\box31
\big@size=\dimen117
LaTeX Font Info:    Redeclaring font encoding OML on input line 566.
LaTeX Font Info:    Redeclaring font encoding OMS on input line 567.
\macc@depth=\count115
\c@MaxMatrixCols=\count116
\dotsspace@=\muskip11
\c@parentequation=\count117
\dspbrk@lvl=\count118
\tag@help=\toks17
\row@=\count119
\column@=\count120
\maxfields@=\count121
\andhelp@=\toks18
\eqnshift@=\dimen118
\alignsep@=\dimen119
\tagshift@=\dimen120
\tagwidth@=\dimen121
\totwidth@=\dimen122
\lineht@=\dimen123
\@envbody=\toks19
\multlinegap=\skip62
\multlinetaggap=\skip63
\mathdisplay@stack=\toks20
LaTeX Info: Redefining \[ on input line 2665.
LaTeX Info: Redefining \] on input line 2666.
)
("C:\Program Files (x86)\MiKTeX 2.9\tex\latex\amsfonts\amssymb.sty"
Package: amssymb 2013/01/14 v3.01 AMS font symbols
)
("C:\Program Files (x86)\MiKTeX 2.9\tex\latex\amscls\amsthm.sty"
Package: amsthm 2004/08/06 v2.20
\thm@style=\toks21
\thm@bodyfont=\toks22
\thm@headfont=\toks23
\thm@notefont=\toks24
\thm@headpunct=\toks25
\thm@preskip=\skip64
\thm@postskip=\skip65
\thm@headsep=\skip66
\dth@everypar=\toks26
)
(C:\Users\Subhojyoti\Desktop\github\bandit_ICML\algorithm.sty
Package: algorithm 

Document Style `algorithm' - floating environment
("C:\Program Files (x86)\MiKTeX 2.9\tex\latex\float\float.sty"
Package: float 2001/11/08 v1.3d Float enhancements (AL)
\c@float@type=\count122
\float@exts=\toks27
\float@box=\box32
\@float@everytoks=\toks28
\@floatcapt=\box33
)
("C:\Program Files (x86)\MiKTeX 2.9\tex\latex\base\ifthen.sty"
Package: ifthen 2001/05/26 v1.1c Standard LaTeX ifthen package (DPC)
)
\@float@every@algorithm=\toks29
\c@algorithm=\count123
)
("C:\Program Files (x86)\MiKTeX 2.9\tex\latex\algorithmicx\algorithmicx.sty"
Package: algorithmicx 2005/04/27 v1.2 Algorithmicx

Document Style algorithmicx 1.2 - a greatly improved `algorithmic' style
\c@ALG@line=\count124
\c@ALG@rem=\count125
\c@ALG@nested=\count126
\ALG@tlm=\skip67
\ALG@thistlm=\skip68
\c@ALG@Lnr=\count127
\c@ALG@blocknr=\count128
\c@ALG@storecount=\count129
\c@ALG@tmpcounter=\count130
\ALG@tmplength=\skip69
) ("C:\Program Files (x86)\MiKTeX 2.9\tex\latex\algorithmicx\algpseudocode.sty"
Package: algpseudocode 
Document Style - pseudocode environments for use with the `algorithmicx' style
) ("C:\Program Files (x86)\MiKTeX 2.9\tex\latex\booktabs\booktabs.sty"
Package: booktabs 2005/04/14 v1.61803 publication quality tables
\heavyrulewidth=\dimen124
\lightrulewidth=\dimen125
\cmidrulewidth=\dimen126
\belowrulesep=\dimen127
\belowbottomsep=\dimen128
\aboverulesep=\dimen129
\abovetopsep=\dimen130
\cmidrulesep=\dimen131
\cmidrulekern=\dimen132
\defaultaddspace=\dimen133
\@cmidla=\count131
\@cmidlb=\count132
\@aboverulesep=\dimen134
\@belowrulesep=\dimen135
\@thisruleclass=\count133
\@lastruleclass=\count134
\@thisrulewidth=\dimen136
)
("C:\Program Files (x86)\MiKTeX 2.9\tex\latex\base\inputenc.sty"
Package: inputenc 2008/03/30 v1.1d Input encoding file
\inpenc@prehook=\toks30
\inpenc@posthook=\toks31

("C:\Program Files (x86)\MiKTeX 2.9\tex\latex\base\utf8.def"
File: utf8.def 2008/04/05 v1.1m UTF-8 support for inputenc
Now handling font encoding OML ...
... no UTF-8 mapping file for font encoding OML
Now handling font encoding T1 ...
... processing UTF-8 mapping file for font encoding T1

("C:\Program Files (x86)\MiKTeX 2.9\tex\latex\base\t1enc.dfu"
File: t1enc.dfu 2008/04/05 v1.1m UTF-8 support for inputenc
   defining Unicode char U+00A1 (decimal 161)
   defining Unicode char U+00A3 (decimal 163)
   defining Unicode char U+00AB (decimal 171)
   defining Unicode char U+00BB (decimal 187)
   defining Unicode char U+00BF (decimal 191)
   defining Unicode char U+00C0 (decimal 192)
   defining Unicode char U+00C1 (decimal 193)
   defining Unicode char U+00C2 (decimal 194)
   defining Unicode char U+00C3 (decimal 195)
   defining Unicode char U+00C4 (decimal 196)
   defining Unicode char U+00C5 (decimal 197)
   defining Unicode char U+00C6 (decimal 198)
   defining Unicode char U+00C7 (decimal 199)
   defining Unicode char U+00C8 (decimal 200)
   defining Unicode char U+00C9 (decimal 201)
   defining Unicode char U+00CA (decimal 202)
   defining Unicode char U+00CB (decimal 203)
   defining Unicode char U+00CC (decimal 204)
   defining Unicode char U+00CD (decimal 205)
   defining Unicode char U+00CE (decimal 206)
   defining Unicode char U+00CF (decimal 207)
   defining Unicode char U+00D0 (decimal 208)
   defining Unicode char U+00D1 (decimal 209)
   defining Unicode char U+00D2 (decimal 210)
   defining Unicode char U+00D3 (decimal 211)
   defining Unicode char U+00D4 (decimal 212)
   defining Unicode char U+00D5 (decimal 213)
   defining Unicode char U+00D6 (decimal 214)
   defining Unicode char U+00D8 (decimal 216)
   defining Unicode char U+00D9 (decimal 217)
   defining Unicode char U+00DA (decimal 218)
   defining Unicode char U+00DB (decimal 219)
   defining Unicode char U+00DC (decimal 220)
   defining Unicode char U+00DD (decimal 221)
   defining Unicode char U+00DE (decimal 222)
   defining Unicode char U+00DF (decimal 223)
   defining Unicode char U+00E0 (decimal 224)
   defining Unicode char U+00E1 (decimal 225)
   defining Unicode char U+00E2 (decimal 226)
   defining Unicode char U+00E3 (decimal 227)
   defining Unicode char U+00E4 (decimal 228)
   defining Unicode char U+00E5 (decimal 229)
   defining Unicode char U+00E6 (decimal 230)
   defining Unicode char U+00E7 (decimal 231)
   defining Unicode char U+00E8 (decimal 232)
   defining Unicode char U+00E9 (decimal 233)
   defining Unicode char U+00EA (decimal 234)
   defining Unicode char U+00EB (decimal 235)
   defining Unicode char U+00EC (decimal 236)
   defining Unicode char U+00ED (decimal 237)
   defining Unicode char U+00EE (decimal 238)
   defining Unicode char U+00EF (decimal 239)
   defining Unicode char U+00F0 (decimal 240)
   defining Unicode char U+00F1 (decimal 241)
   defining Unicode char U+00F2 (decimal 242)
   defining Unicode char U+00F3 (decimal 243)
   defining Unicode char U+00F4 (decimal 244)
   defining Unicode char U+00F5 (decimal 245)
   defining Unicode char U+00F6 (decimal 246)
   defining Unicode char U+00F8 (decimal 248)
   defining Unicode char U+00F9 (decimal 249)
   defining Unicode char U+00FA (decimal 250)
   defining Unicode char U+00FB (decimal 251)
   defining Unicode char U+00FC (decimal 252)
   defining Unicode char U+00FD (decimal 253)
   defining Unicode char U+00FE (decimal 254)
   defining Unicode char U+00FF (decimal 255)
   defining Unicode char U+0102 (decimal 258)
   defining Unicode char U+0103 (decimal 259)
   defining Unicode char U+0104 (decimal 260)
   defining Unicode char U+0105 (decimal 261)
   defining Unicode char U+0106 (decimal 262)
   defining Unicode char U+0107 (decimal 263)
   defining Unicode char U+010C (decimal 268)
   defining Unicode char U+010D (decimal 269)
   defining Unicode char U+010E (decimal 270)
   defining Unicode char U+010F (decimal 271)
   defining Unicode char U+0110 (decimal 272)
   defining Unicode char U+0111 (decimal 273)
   defining Unicode char U+0118 (decimal 280)
   defining Unicode char U+0119 (decimal 281)
   defining Unicode char U+011A (decimal 282)
   defining Unicode char U+011B (decimal 283)
   defining Unicode char U+011E (decimal 286)
   defining Unicode char U+011F (decimal 287)
   defining Unicode char U+0130 (decimal 304)
   defining Unicode char U+0131 (decimal 305)
   defining Unicode char U+0132 (decimal 306)
   defining Unicode char U+0133 (decimal 307)
   defining Unicode char U+0139 (decimal 313)
   defining Unicode char U+013A (decimal 314)
   defining Unicode char U+013D (decimal 317)
   defining Unicode char U+013E (decimal 318)
   defining Unicode char U+0141 (decimal 321)
   defining Unicode char U+0142 (decimal 322)
   defining Unicode char U+0143 (decimal 323)
   defining Unicode char U+0144 (decimal 324)
   defining Unicode char U+0147 (decimal 327)
   defining Unicode char U+0148 (decimal 328)
   defining Unicode char U+014A (decimal 330)
   defining Unicode char U+014B (decimal 331)
   defining Unicode char U+0150 (decimal 336)
   defining Unicode char U+0151 (decimal 337)
   defining Unicode char U+0152 (decimal 338)
   defining Unicode char U+0153 (decimal 339)
   defining Unicode char U+0154 (decimal 340)
   defining Unicode char U+0155 (decimal 341)
   defining Unicode char U+0158 (decimal 344)
   defining Unicode char U+0159 (decimal 345)
   defining Unicode char U+015A (decimal 346)
   defining Unicode char U+015B (decimal 347)
   defining Unicode char U+015E (decimal 350)
   defining Unicode char U+015F (decimal 351)
   defining Unicode char U+0160 (decimal 352)
   defining Unicode char U+0161 (decimal 353)
   defining Unicode char U+0162 (decimal 354)
   defining Unicode char U+0163 (decimal 355)
   defining Unicode char U+0164 (decimal 356)
   defining Unicode char U+0165 (decimal 357)
   defining Unicode char U+016E (decimal 366)
   defining Unicode char U+016F (decimal 367)
   defining Unicode char U+0170 (decimal 368)
   defining Unicode char U+0171 (decimal 369)
   defining Unicode char U+0178 (decimal 376)
   defining Unicode char U+0179 (decimal 377)
   defining Unicode char U+017A (decimal 378)
   defining Unicode char U+017B (decimal 379)
   defining Unicode char U+017C (decimal 380)
   defining Unicode char U+017D (decimal 381)
   defining Unicode char U+017E (decimal 382)
   defining Unicode char U+200C (decimal 8204)
   defining Unicode char U+2013 (decimal 8211)
   defining Unicode char U+2014 (decimal 8212)
   defining Unicode char U+2018 (decimal 8216)
   defining Unicode char U+2019 (decimal 8217)
   defining Unicode char U+201A (decimal 8218)
   defining Unicode char U+201C (decimal 8220)
   defining Unicode char U+201D (decimal 8221)
   defining Unicode char U+201E (decimal 8222)
   defining Unicode char U+2030 (decimal 8240)
   defining Unicode char U+2031 (decimal 8241)
   defining Unicode char U+2039 (decimal 8249)
   defining Unicode char U+203A (decimal 8250)
   defining Unicode char U+2423 (decimal 9251)
)
Now handling font encoding OT1 ...
... processing UTF-8 mapping file for font encoding OT1

("C:\Program Files (x86)\MiKTeX 2.9\tex\latex\base\ot1enc.dfu"
File: ot1enc.dfu 2008/04/05 v1.1m UTF-8 support for inputenc
   defining Unicode char U+00A1 (decimal 161)
   defining Unicode char U+00A3 (decimal 163)
   defining Unicode char U+00B8 (decimal 184)
   defining Unicode char U+00BF (decimal 191)
   defining Unicode char U+00C5 (decimal 197)
   defining Unicode char U+00C6 (decimal 198)
   defining Unicode char U+00D8 (decimal 216)
   defining Unicode char U+00DF (decimal 223)
   defining Unicode char U+00E6 (decimal 230)
   defining Unicode char U+00EC (decimal 236)
   defining Unicode char U+00ED (decimal 237)
   defining Unicode char U+00EE (decimal 238)
   defining Unicode char U+00EF (decimal 239)
   defining Unicode char U+00F8 (decimal 248)
   defining Unicode char U+0131 (decimal 305)
   defining Unicode char U+0141 (decimal 321)
   defining Unicode char U+0142 (decimal 322)
   defining Unicode char U+0152 (decimal 338)
   defining Unicode char U+0153 (decimal 339)
   defining Unicode char U+2013 (decimal 8211)
   defining Unicode char U+2014 (decimal 8212)
   defining Unicode char U+2018 (decimal 8216)
   defining Unicode char U+2019 (decimal 8217)
   defining Unicode char U+201C (decimal 8220)
   defining Unicode char U+201D (decimal 8221)
)
Now handling font encoding OMS ...
... processing UTF-8 mapping file for font encoding OMS

("C:\Program Files (x86)\MiKTeX 2.9\tex\latex\base\omsenc.dfu"
File: omsenc.dfu 2008/04/05 v1.1m UTF-8 support for inputenc
   defining Unicode char U+00A7 (decimal 167)
   defining Unicode char U+00B6 (decimal 182)
   defining Unicode char U+00B7 (decimal 183)
   defining Unicode char U+2020 (decimal 8224)
   defining Unicode char U+2021 (decimal 8225)
   defining Unicode char U+2022 (decimal 8226)
)
Now handling font encoding OMX ...
... no UTF-8 mapping file for font encoding OMX
Now handling font encoding U ...
... no UTF-8 mapping file for font encoding U
Now handling font encoding PD1 ...
... no UTF-8 mapping file for font encoding PD1
   defining Unicode char U+00A9 (decimal 169)
   defining Unicode char U+00AA (decimal 170)
   defining Unicode char U+00AE (decimal 174)
   defining Unicode char U+00BA (decimal 186)
   defining Unicode char U+02C6 (decimal 710)
   defining Unicode char U+02DC (decimal 732)
   defining Unicode char U+200C (decimal 8204)
   defining Unicode char U+2026 (decimal 8230)
   defining Unicode char U+2122 (decimal 8482)
   defining Unicode char U+2423 (decimal 9251)
))
("C:\Program Files (x86)\MiKTeX 2.9\tex\generic\babel\babel.sty"
Package: babel 2008/07/08 v3.8m The Babel package

*************************************
* Local config file bblopts.cfg used
*
("C:\Program Files (x86)\MiKTeX 2.9\tex\latex\00miktex\bblopts.cfg"
File: bblopts.cfg 2006/07/31 v1.0 MiKTeX 'babel' configuration
)
("C:\Program Files (x86)\MiKTeX 2.9\tex\generic\babel\english.ldf"
Language: english 2005/03/30 v3.3o English support from the babel system

("C:\Program Files (x86)\MiKTeX 2.9\tex\generic\babel\babel.def"
File: babel.def 2008/07/08 v3.8m Babel common definitions
\babel@savecnt=\count135
\U@D=\dimen137
)
\l@canadian = a dialect from \language\l@american 
\l@australian = a dialect from \language\l@british 
\l@newzealand = a dialect from \language\l@british 
))
\c@theorem=\count136
\c@remark=\count137
\c@proposition=\count138
\c@corollary=\count139

(C:\Users\Subhojyoti\Desktop\github\bandit_ICML\pifont.sty
Package: pifont 2005/04/12 PSNFSS-v9.2a Pi font support (SPQR) 
LaTeX Font Info:    Try loading font information for U+pzd on input line 63.

("C:\Program Files (x86)\MiKTeX 2.9\tex\latex\psnfss\upzd.fd"
File: upzd.fd 2001/06/04 font definitions for U/pzd.
)
LaTeX Font Info:    Try loading font information for U+psy on input line 64.

("C:\Program Files (x86)\MiKTeX 2.9\tex\latex\psnfss\upsy.fd"
File: upsy.fd 2001/06/04 font definitions for U/psy.
))
("C:\Program Files (x86)\MiKTeX 2.9\tex\latex\xcolor\xcolor.sty"
Package: xcolor 2007/01/21 v2.11 LaTeX color extensions (UK)

("C:\Program Files (x86)\MiKTeX 2.9\tex\latex\00miktex\color.cfg"
File: color.cfg 2007/01/18 v1.5 color configuration of teTeX/TeXLive
)
Package xcolor Info: Driver file: pdftex.def on input line 225.
LaTeX Info: Redefining \color on input line 702.
Package xcolor Info: Model `cmy' substituted by `cmy0' on input line 1337.
Package xcolor Info: Model `hsb' substituted by `rgb' on input line 1341.
Package xcolor Info: Model `RGB' extended on input line 1353.
Package xcolor Info: Model `HTML' substituted by `rgb' on input line 1355.
Package xcolor Info: Model `Hsb' substituted by `hsb' on input line 1356.
Package xcolor Info: Model `tHsb' substituted by `hsb' on input line 1357.
Package xcolor Info: Model `HSB' substituted by `hsb' on input line 1358.
Package xcolor Info: Model `Gray' substituted by `gray' on input line 1359.
Package xcolor Info: Model `wave' substituted by `hsb' on input line 1360.
)
("C:\Program Files (x86)\MiKTeX 2.9\tex\latex\paralist\paralist.sty"
Package: paralist 2013/06/09 v2.4 Extended list environments
\pltopsep=\skip70
\plpartopsep=\skip71
\plitemsep=\skip72
\plparsep=\skip73
\pl@lab=\toks32
)
("C:\Program Files (x86)\MiKTeX 2.9\tex\latex\pgf\frontendlayer\tikz.sty"
("C:\Program Files (x86)\MiKTeX 2.9\tex\latex\pgf\basiclayer\pgf.sty"
("C:\Program Files (x86)\MiKTeX 2.9\tex\latex\pgf\utilities\pgfrcs.sty"
("C:\Program Files (x86)\MiKTeX 2.9\tex\generic\pgf\utilities\pgfutil-common.te
x"
\pgfutil@everybye=\toks33
\pgfutil@tempdima=\dimen138
\pgfutil@tempdimb=\dimen139

("C:\Program Files (x86)\MiKTeX 2.9\tex\generic\pgf\utilities\pgfutil-common-li
sts.tex"))
("C:\Program Files (x86)\MiKTeX 2.9\tex\generic\pgf\utilities\pgfutil-latex.def
"
\pgfutil@abb=\box34
) ("C:\Program Files (x86)\MiKTeX 2.9\tex\generic\pgf\utilities\pgfrcs.code.tex
"
Package: pgfrcs 2015/08/07 v3.0.1a (rcs-revision 1.31)
))
Package: pgf 2015/08/07 v3.0.1a (rcs-revision 1.15)
 ("C:\Program Files (x86)\MiKTeX 2.9\tex\latex\pgf\basiclayer\pgfcore.sty"
("C:\Program Files (x86)\MiKTeX 2.9\tex\latex\pgf\systemlayer\pgfsys.sty"
("C:\Program Files (x86)\MiKTeX 2.9\tex\generic\pgf\systemlayer\pgfsys.code.tex
"
Package: pgfsys 2014/07/09 v3.0.1a (rcs-revision 1.48)
 ("C:\Program Files (x86)\MiKTeX 2.9\tex\generic\pgf\utilities\pgfkeys.code.tex
"
\pgfkeys@pathtoks=\toks34
\pgfkeys@temptoks=\toks35

("C:\Program Files (x86)\MiKTeX 2.9\tex\generic\pgf\utilities\pgfkeysfiltered.c
ode.tex"
\pgfkeys@tmptoks=\toks36
))
\pgf@x=\dimen140
\pgf@y=\dimen141
\pgf@xa=\dimen142
\pgf@ya=\dimen143
\pgf@xb=\dimen144
\pgf@yb=\dimen145
\pgf@xc=\dimen146
\pgf@yc=\dimen147
\w@pgf@writea=\write3
\r@pgf@reada=\read1
\c@pgf@counta=\count140
\c@pgf@countb=\count141
\c@pgf@countc=\count142
\c@pgf@countd=\count143
\t@pgf@toka=\toks37
\t@pgf@tokb=\toks38
\t@pgf@tokc=\toks39

("C:\Program Files (x86)\MiKTeX 2.9\tex\generic\pgf\systemlayer\pgf.cfg"
File: pgf.cfg 2008/05/14  (rcs-revision 1.7)
)
Driver file for pgf: pgfsys-pdftex.def

("C:\Program Files (x86)\MiKTeX 2.9\tex\generic\pgf\systemlayer\pgfsys-pdftex.d
ef"
File: pgfsys-pdftex.def 2014/10/11  (rcs-revision 1.35)

("C:\Program Files (x86)\MiKTeX 2.9\tex\generic\pgf\systemlayer\pgfsys-common-p
df.def"
File: pgfsys-common-pdf.def 2013/10/10  (rcs-revision 1.13)
)))
("C:\Program Files (x86)\MiKTeX 2.9\tex\generic\pgf\systemlayer\pgfsyssoftpath.
code.tex"
File: pgfsyssoftpath.code.tex 2013/09/09  (rcs-revision 1.9)
\pgfsyssoftpath@smallbuffer@items=\count144
\pgfsyssoftpath@bigbuffer@items=\count145
)
("C:\Program Files (x86)\MiKTeX 2.9\tex\generic\pgf\systemlayer\pgfsysprotocol.
code.tex"
File: pgfsysprotocol.code.tex 2006/10/16  (rcs-revision 1.4)
))
("C:\Program Files (x86)\MiKTeX 2.9\tex\generic\pgf\basiclayer\pgfcore.code.tex
"
Package: pgfcore 2010/04/11 v3.0.1a (rcs-revision 1.7)
 ("C:\Program Files (x86)\MiKTeX 2.9\tex\generic\pgf\math\pgfmath.code.tex"
("C:\Program Files (x86)\MiKTeX 2.9\tex\generic\pgf\math\pgfmathcalc.code.tex"
("C:\Program Files (x86)\MiKTeX 2.9\tex\generic\pgf\math\pgfmathutil.code.tex")
("C:\Program Files (x86)\MiKTeX 2.9\tex\generic\pgf\math\pgfmathparser.code.tex
"
\pgfmath@dimen=\dimen148
\pgfmath@count=\count146
\pgfmath@box=\box35
\pgfmath@toks=\toks40
\pgfmath@stack@operand=\toks41
\pgfmath@stack@operation=\toks42
)
("C:\Program Files (x86)\MiKTeX 2.9\tex\generic\pgf\math\pgfmathfunctions.code.
tex"
("C:\Program Files (x86)\MiKTeX 2.9\tex\generic\pgf\math\pgfmathfunctions.basic
.code.tex")
("C:\Program Files (x86)\MiKTeX 2.9\tex\generic\pgf\math\pgfmathfunctions.trigo
nometric.code.tex")
("C:\Program Files (x86)\MiKTeX 2.9\tex\generic\pgf\math\pgfmathfunctions.rando
m.code.tex")
("C:\Program Files (x86)\MiKTeX 2.9\tex\generic\pgf\math\pgfmathfunctions.compa
rison.code.tex")
("C:\Program Files (x86)\MiKTeX 2.9\tex\generic\pgf\math\pgfmathfunctions.base.
code.tex")
("C:\Program Files (x86)\MiKTeX 2.9\tex\generic\pgf\math\pgfmathfunctions.round
.code.tex")
("C:\Program Files (x86)\MiKTeX 2.9\tex\generic\pgf\math\pgfmathfunctions.misc.
code.tex")
("C:\Program Files (x86)\MiKTeX 2.9\tex\generic\pgf\math\pgfmathfunctions.integ
erarithmetics.code.tex")))
("C:\Program Files (x86)\MiKTeX 2.9\tex\generic\pgf\math\pgfmathfloat.code.tex"
\c@pgfmathroundto@lastzeros=\count147
))
("C:\Program Files (x86)\MiKTeX 2.9\tex\generic\pgf\basiclayer\pgfcorepoints.co
de.tex"
File: pgfcorepoints.code.tex 2013/10/07  (rcs-revision 1.27)
\pgf@picminx=\dimen149
\pgf@picmaxx=\dimen150
\pgf@picminy=\dimen151
\pgf@picmaxy=\dimen152
\pgf@pathminx=\dimen153
\pgf@pathmaxx=\dimen154
\pgf@pathminy=\dimen155
\pgf@pathmaxy=\dimen156
\pgf@xx=\dimen157
\pgf@xy=\dimen158
\pgf@yx=\dimen159
\pgf@yy=\dimen160
\pgf@zx=\dimen161
\pgf@zy=\dimen162
)
("C:\Program Files (x86)\MiKTeX 2.9\tex\generic\pgf\basiclayer\pgfcorepathconst
ruct.code.tex"
File: pgfcorepathconstruct.code.tex 2013/10/07  (rcs-revision 1.29)
\pgf@path@lastx=\dimen163
\pgf@path@lasty=\dimen164
)
("C:\Program Files (x86)\MiKTeX 2.9\tex\generic\pgf\basiclayer\pgfcorepathusage
.code.tex"
File: pgfcorepathusage.code.tex 2014/11/02  (rcs-revision 1.24)
\pgf@shorten@end@additional=\dimen165
\pgf@shorten@start@additional=\dimen166
)
("C:\Program Files (x86)\MiKTeX 2.9\tex\generic\pgf\basiclayer\pgfcorescopes.co
de.tex"
File: pgfcorescopes.code.tex 2015/05/08  (rcs-revision 1.46)
\pgfpic=\box36
\pgf@hbox=\box37
\pgf@layerbox@main=\box38
\pgf@picture@serial@count=\count148
)
("C:\Program Files (x86)\MiKTeX 2.9\tex\generic\pgf\basiclayer\pgfcoregraphicst
ate.code.tex"
File: pgfcoregraphicstate.code.tex 2014/11/02  (rcs-revision 1.12)
\pgflinewidth=\dimen167
)
("C:\Program Files (x86)\MiKTeX 2.9\tex\generic\pgf\basiclayer\pgfcoretransform
ations.code.tex"
File: pgfcoretransformations.code.tex 2015/08/07  (rcs-revision 1.20)
\pgf@pt@x=\dimen168
\pgf@pt@y=\dimen169
\pgf@pt@temp=\dimen170
)
("C:\Program Files (x86)\MiKTeX 2.9\tex\generic\pgf\basiclayer\pgfcorequick.cod
e.tex"
File: pgfcorequick.code.tex 2008/10/09  (rcs-revision 1.3)
)
("C:\Program Files (x86)\MiKTeX 2.9\tex\generic\pgf\basiclayer\pgfcoreobjects.c
ode.tex"
File: pgfcoreobjects.code.tex 2006/10/11  (rcs-revision 1.2)
)
("C:\Program Files (x86)\MiKTeX 2.9\tex\generic\pgf\basiclayer\pgfcorepathproce
ssing.code.tex"
File: pgfcorepathprocessing.code.tex 2013/09/09  (rcs-revision 1.9)
)
("C:\Program Files (x86)\MiKTeX 2.9\tex\generic\pgf\basiclayer\pgfcorearrows.co
de.tex"
File: pgfcorearrows.code.tex 2015/05/14  (rcs-revision 1.43)
\pgfarrowsep=\dimen171
)
("C:\Program Files (x86)\MiKTeX 2.9\tex\generic\pgf\basiclayer\pgfcoreshade.cod
e.tex"
File: pgfcoreshade.code.tex 2013/07/15  (rcs-revision 1.15)
\pgf@max=\dimen172
\pgf@sys@shading@range@num=\count149
)
("C:\Program Files (x86)\MiKTeX 2.9\tex\generic\pgf\basiclayer\pgfcoreimage.cod
e.tex"
File: pgfcoreimage.code.tex 2013/07/15  (rcs-revision 1.18)

("C:\Program Files (x86)\MiKTeX 2.9\tex\generic\pgf\basiclayer\pgfcoreexternal.
code.tex"
File: pgfcoreexternal.code.tex 2014/07/09  (rcs-revision 1.21)
\pgfexternal@startupbox=\box39
))
("C:\Program Files (x86)\MiKTeX 2.9\tex\generic\pgf\basiclayer\pgfcorelayers.co
de.tex"
File: pgfcorelayers.code.tex 2013/07/18  (rcs-revision 1.7)
)
("C:\Program Files (x86)\MiKTeX 2.9\tex\generic\pgf\basiclayer\pgfcoretranspare
ncy.code.tex"
File: pgfcoretransparency.code.tex 2013/09/30  (rcs-revision 1.5)
)
("C:\Program Files (x86)\MiKTeX 2.9\tex\generic\pgf\basiclayer\pgfcorepatterns.
code.tex"
File: pgfcorepatterns.code.tex 2013/11/07  (rcs-revision 1.5)
)))
("C:\Program Files (x86)\MiKTeX 2.9\tex\generic\pgf\modules\pgfmoduleshapes.cod
e.tex"
File: pgfmoduleshapes.code.tex 2014/03/21  (rcs-revision 1.35)
\pgfnodeparttextbox=\box40
)
("C:\Program Files (x86)\MiKTeX 2.9\tex\generic\pgf\modules\pgfmoduleplot.code.
tex"
File: pgfmoduleplot.code.tex 2015/08/03  (rcs-revision 1.13)
)
("C:\Program Files (x86)\MiKTeX 2.9\tex\latex\pgf\compatibility\pgfcomp-version
-0-65.sty"
Package: pgfcomp-version-0-65 2007/07/03 v3.0.1a (rcs-revision 1.7)
\pgf@nodesepstart=\dimen173
\pgf@nodesepend=\dimen174
)
("C:\Program Files (x86)\MiKTeX 2.9\tex\latex\pgf\compatibility\pgfcomp-version
-1-18.sty"
Package: pgfcomp-version-1-18 2007/07/23 v3.0.1a (rcs-revision 1.1)
))
("C:\Program Files (x86)\MiKTeX 2.9\tex\latex\pgf\utilities\pgffor.sty"
("C:\Program Files (x86)\MiKTeX 2.9\tex\latex\pgf\utilities\pgfkeys.sty"
("C:\Program Files (x86)\MiKTeX 2.9\tex\generic\pgf\utilities\pgfkeys.code.tex"
)) ("C:\Program Files (x86)\MiKTeX 2.9\tex\latex\pgf\math\pgfmath.sty"
("C:\Program Files (x86)\MiKTeX 2.9\tex\generic\pgf\math\pgfmath.code.tex"))
("C:\Program Files (x86)\MiKTeX 2.9\tex\generic\pgf\utilities\pgffor.code.tex"
Package: pgffor 2013/12/13 v3.0.1a (rcs-revision 1.25)

("C:\Program Files (x86)\MiKTeX 2.9\tex\generic\pgf\math\pgfmath.code.tex")
\pgffor@iter=\dimen175
\pgffor@skip=\dimen176
\pgffor@stack=\toks43
\pgffor@toks=\toks44
))
("C:\Program Files (x86)\MiKTeX 2.9\tex\generic\pgf\frontendlayer\tikz\tikz.cod
e.tex"
Package: tikz 2015/08/07 v3.0.1a (rcs-revision 1.151)

("C:\Program Files (x86)\MiKTeX 2.9\tex\generic\pgf\libraries\pgflibraryplothan
dlers.code.tex"
File: pgflibraryplothandlers.code.tex 2013/08/31 v3.0.1a (rcs-revision 1.20)
\pgf@plot@mark@count=\count150
\pgfplotmarksize=\dimen177
)
\tikz@lastx=\dimen178
\tikz@lasty=\dimen179
\tikz@lastxsaved=\dimen180
\tikz@lastysaved=\dimen181
\tikzleveldistance=\dimen182
\tikzsiblingdistance=\dimen183
\tikz@figbox=\box41
\tikz@figbox@bg=\box42
\tikz@tempbox=\box43
\tikz@tempbox@bg=\box44
\tikztreelevel=\count151
\tikznumberofchildren=\count152
\tikznumberofcurrentchild=\count153
\tikz@fig@count=\count154

("C:\Program Files (x86)\MiKTeX 2.9\tex\generic\pgf\modules\pgfmodulematrix.cod
e.tex"
File: pgfmodulematrix.code.tex 2013/09/17  (rcs-revision 1.8)
\pgfmatrixcurrentrow=\count155
\pgfmatrixcurrentcolumn=\count156
\pgf@matrix@numberofcolumns=\count157
)
\tikz@expandcount=\count158

("C:\Program Files (x86)\MiKTeX 2.9\tex\generic\pgf\frontendlayer\tikz\librarie
s\tikzlibrarytopaths.code.tex"
File: tikzlibrarytopaths.code.tex 2008/06/17 v3.0.1a (rcs-revision 1.2)
)))
("C:\Program Files (x86)\MiKTeX 2.9\tex\latex\pgfplots\pgfplots.sty"
("C:\Program Files (x86)\MiKTeX 2.9\tex\generic\pgfplots\pgfplots.revision.tex"
)
Package: pgfplots 2016/01/06 v1.13 Data Visualization (1.13)
 ("C:\Program Files (x86)\MiKTeX 2.9\tex\generic\pgfplots\pgfplots.code.tex"
("C:\Program Files (x86)\MiKTeX 2.9\tex\generic\pgfplots\pgfplotscore.code.tex"
\t@pgfplots@toka=\toks45
\t@pgfplots@tokb=\toks46
\t@pgfplots@tokc=\toks47
\pgfplots@tmpa=\dimen184
\c@pgfplots@coordindex=\count159
\c@pgfplots@scanlineindex=\count160

("C:\Program Files (x86)\MiKTeX 2.9\tex\generic\pgfplots\sys\pgfplotssysgeneric
.code.tex"))
("C:\Program Files (x86)\MiKTeX 2.9\tex\generic\pgfplots\libs\pgfplotslibrary.c
ode.tex")
("C:\Program Files (x86)\MiKTeX 2.9\tex\generic\pgfplots\oldpgfcompatib\pgfplot
soldpgfsupp_loader.code.tex"
("C:\Program Files (x86)\MiKTeX 2.9\tex\generic\pgf\libraries\pgflibraryfpu.cod
e.tex")
Package pgfplots: loading complementary arithmetics for your pgf version...

("C:\Program Files (x86)\MiKTeX 2.9\tex\generic\pgfplots\oldpgfcompatib\pgfplot
soldpgfsupp_pgflibraryfpu.code.tex")
("C:\Program Files (x86)\MiKTeX 2.9\tex\generic\pgfplots\oldpgfcompatib\pgfplot
soldpgfsupp_pgfmathfloat.code.tex"
\c@pgfmathroundto@lastzeros=\count161
))
("C:\Program Files (x86)\MiKTeX 2.9\tex\generic\pgfplots\util\pgfplotsutil.code
.tex"
("C:\Program Files (x86)\MiKTeX 2.9\tex\generic\pgfplots\liststructure\pgfplots
liststructure.code.tex")
("C:\Program Files (x86)\MiKTeX 2.9\tex\generic\pgfplots\liststructure\pgfplots
liststructureext.code.tex")
("C:\Program Files (x86)\MiKTeX 2.9\tex\generic\pgfplots\liststructure\pgfplots
array.code.tex"
\c@pgfplotsarray@tmp=\count162
)
("C:\Program Files (x86)\MiKTeX 2.9\tex\generic\pgfplots\liststructure\pgfplots
matrix.code.tex")
("C:\Program Files (x86)\MiKTeX 2.9\tex\generic\pgfplots\numtable\pgfplotstable
shared.code.tex"
\c@pgfplotstable@counta=\count163
\t@pgfplotstable@a=\toks48
)
("C:\Program Files (x86)\MiKTeX 2.9\tex\generic\pgfplots\liststructure\pgfplots
deque.code.tex")
("C:\Program Files (x86)\MiKTeX 2.9\tex\generic\pgfplots\util\pgfplotsbinary.co
de.tex"
("C:\Program Files (x86)\MiKTeX 2.9\tex\generic\pgfplots\util\pgfplotsbinary.da
ta.code.tex"))
("C:\Program Files (x86)\MiKTeX 2.9\tex\generic\pgfplots\util\pgfplotsutil.verb
.code.tex")
("C:\Program Files (x86)\MiKTeX 2.9\tex\generic\pgfplots\libs\pgflibrarypgfplot
s.surfshading.code.tex"
\c@pgfplotslibrarysurf@no=\count164

("C:\Program Files (x86)\MiKTeX 2.9\tex\generic\pgfplots\sys\pgflibrarypgfplots
.surfshading.pgfsys-pdftex.def")))
("C:\Program Files (x86)\MiKTeX 2.9\tex\generic\pgfplots\util\pgfplotscolormap.
code.tex"
("C:\Program Files (x86)\MiKTeX 2.9\tex\generic\pgfplots\util\pgfplotscolor.cod
e.tex"))
("C:\Program Files (x86)\MiKTeX 2.9\tex\generic\pgfplots\pgfplotsstackedplots.c
ode.tex")
("C:\Program Files (x86)\MiKTeX 2.9\tex\generic\pgfplots\pgfplotsplothandlers.c
ode.tex"
("C:\Program Files (x86)\MiKTeX 2.9\tex\generic\pgfplots\pgfplotsmeshplothandle
r.code.tex"
("C:\Program Files (x86)\MiKTeX 2.9\tex\generic\pgfplots\pgfplotsmeshplotimage.
code.tex")))
("C:\Program Files (x86)\MiKTeX 2.9\tex\generic\pgfplots\pgfplots.scaling.code.
tex")
("C:\Program Files (x86)\MiKTeX 2.9\tex\generic\pgfplots\pgfplotscoordprocessin
g.code.tex")
("C:\Program Files (x86)\MiKTeX 2.9\tex\generic\pgfplots\pgfplots.errorbars.cod
e.tex")
("C:\Program Files (x86)\MiKTeX 2.9\tex\generic\pgfplots\pgfplots.markers.code.
tex")
("C:\Program Files (x86)\MiKTeX 2.9\tex\generic\pgfplots\pgfplotsticks.code.tex
")
("C:\Program Files (x86)\MiKTeX 2.9\tex\generic\pgfplots\pgfplots.paths.code.te
x")
("C:\Program Files (x86)\MiKTeX 2.9\tex\generic\pgf\frontendlayer\tikz\librarie
s\tikzlibrarydecorations.code.tex"
("C:\Program Files (x86)\MiKTeX 2.9\tex\generic\pgf\modules\pgfmoduledecoration
s.code.tex"
\pgfdecoratedcompleteddistance=\dimen185
\pgfdecoratedremainingdistance=\dimen186
\pgfdecoratedinputsegmentcompleteddistance=\dimen187
\pgfdecoratedinputsegmentremainingdistance=\dimen188
\pgf@decorate@distancetomove=\dimen189
\pgf@decorate@repeatstate=\count165
\pgfdecorationsegmentamplitude=\dimen190
\pgfdecorationsegmentlength=\dimen191
)
\tikz@lib@dec@box=\box45
)
("C:\Program Files (x86)\MiKTeX 2.9\tex\generic\pgf\frontendlayer\tikz\librarie
s\tikzlibrarydecorations.pathmorphing.code.tex"
("C:\Program Files (x86)\MiKTeX 2.9\tex\generic\pgf\libraries\decorations\pgfli
brarydecorations.pathmorphing.code.tex"))
("C:\Program Files (x86)\MiKTeX 2.9\tex\generic\pgf\frontendlayer\tikz\librarie
s\tikzlibrarydecorations.pathreplacing.code.tex"
("C:\Program Files (x86)\MiKTeX 2.9\tex\generic\pgf\libraries\decorations\pgfli
brarydecorations.pathreplacing.code.tex"))
\pgfplots@numplots=\count166
\pgfplots@xmin@reg=\dimen192
\pgfplots@xmax@reg=\dimen193
\pgfplots@ymin@reg=\dimen194
\pgfplots@ymax@reg=\dimen195
\pgfplots@zmin@reg=\dimen196
\pgfplots@zmax@reg=\dimen197
)
("C:\Program Files (x86)\MiKTeX 2.9\tex\generic\pgf\frontendlayer\tikz\librarie
s\tikzlibraryplotmarks.code.tex"
File: tikzlibraryplotmarks.code.tex 2008/01/09 v3.0.1a (rcs-revision 1.1)

("C:\Program Files (x86)\MiKTeX 2.9\tex\generic\pgf\libraries\pgflibraryplotmar
ks.code.tex"
File: pgflibraryplotmarks.code.tex 2015/08/03 v3.0.1a (rcs-revision 1.14)
)))
("C:\Program Files (x86)\MiKTeX 2.9\tex\generic\pgf\frontendlayer\tikz\librarie
s\tikzlibrarypositioning.code.tex"
File: tikzlibrarypositioning.code.tex 2008/10/06 v3.0.1a (rcs-revision 1.7)
)
("C:\Program Files (x86)\MiKTeX 2.9\tex\generic\pgf\frontendlayer\tikz\librarie
s\tikzlibraryshapes.code.tex"
File: tikzlibraryshapes.code.tex 2008/01/09 v3.0.1a (rcs-revision 1.1)

("C:\Program Files (x86)\MiKTeX 2.9\tex\generic\pgf\frontendlayer\tikz\librarie
s\tikzlibraryshapes.geometric.code.tex"
File: tikzlibraryshapes.geometric.code.tex 2008/01/09 v3.0.1a (rcs-revision 1.1
)

("C:\Program Files (x86)\MiKTeX 2.9\tex\generic\pgf\libraries\shapes\pgflibrary
shapes.geometric.code.tex"
File: pgflibraryshapes.geometric.code.tex 2008/06/26 v3.0.1a (rcs-revision 1.1)

))
("C:\Program Files (x86)\MiKTeX 2.9\tex\generic\pgf\frontendlayer\tikz\librarie
s\tikzlibraryshapes.misc.code.tex"
File: tikzlibraryshapes.misc.code.tex 2008/01/09 v3.0.1a (rcs-revision 1.1)

("C:\Program Files (x86)\MiKTeX 2.9\tex\generic\pgf\libraries\shapes\pgflibrary
shapes.misc.code.tex"
File: pgflibraryshapes.misc.code.tex 2013/07/18 v3.0.1a (rcs-revision 1.5)
))
("C:\Program Files (x86)\MiKTeX 2.9\tex\generic\pgf\frontendlayer\tikz\librarie
s\tikzlibraryshapes.symbols.code.tex"
File: tikzlibraryshapes.symbols.code.tex 2008/01/09 v3.0.1a (rcs-revision 1.1)

("C:\Program Files (x86)\MiKTeX 2.9\tex\generic\pgf\libraries\shapes\pgflibrary
shapes.symbols.code.tex"
File: pgflibraryshapes.symbols.code.tex 2013/09/11 v3.0.1a (rcs-revision 1.6)
))
("C:\Program Files (x86)\MiKTeX 2.9\tex\generic\pgf\frontendlayer\tikz\librarie
s\tikzlibraryshapes.arrows.code.tex"
File: tikzlibraryshapes.arrows.code.tex 2008/01/09 v3.0.1a (rcs-revision 1.1)

("C:\Program Files (x86)\MiKTeX 2.9\tex\generic\pgf\libraries\shapes\pgflibrary
shapes.arrows.code.tex"
File: pgflibraryshapes.arrows.code.tex 2008/06/26 v3.0.1a (rcs-revision 1.1)
))
("C:\Program Files (x86)\MiKTeX 2.9\tex\generic\pgf\frontendlayer\tikz\librarie
s\tikzlibraryshapes.callouts.code.tex"
("C:\Program Files (x86)\MiKTeX 2.9\tex\generic\pgf\libraries\shapes\pgflibrary
shapes.callouts.code.tex"))
("C:\Program Files (x86)\MiKTeX 2.9\tex\generic\pgf\frontendlayer\tikz\librarie
s\tikzlibraryshapes.multipart.code.tex"
File: tikzlibraryshapes.multipart.code.tex 2008/01/09 v3.0.1a (rcs-revision 1.1
)

("C:\Program Files (x86)\MiKTeX 2.9\tex\generic\pgf\libraries\shapes\pgflibrary
shapes.multipart.code.tex"
File: pgflibraryshapes.multipart.code.tex 2010/01/07 v3.0.1a (rcs-revision 1.2)

\pgfnodepartlowerbox=\box46
\pgfnodeparttwobox=\box47
\pgfnodepartthreebox=\box48
\pgfnodepartfourbox=\box49
\pgfnodeparttwentybox=\box50
\pgfnodepartnineteenbox=\box51
\pgfnodeparteighteenbox=\box52
\pgfnodepartseventeenbox=\box53
\pgfnodepartsixteenbox=\box54
\pgfnodepartfifteenbox=\box55
\pgfnodepartfourteenbox=\box56
\pgfnodepartthirteenbox=\box57
\pgfnodeparttwelvebox=\box58
\pgfnodepartelevenbox=\box59
\pgfnodeparttenbox=\box60
\pgfnodepartninebox=\box61
\pgfnodeparteightbox=\box62
\pgfnodepartsevenbox=\box63
\pgfnodepartsixbox=\box64
\pgfnodepartfivebox=\box65
)))
("C:\Program Files (x86)\MiKTeX 2.9\tex\generic\pgf\frontendlayer\tikz\librarie
s\tikzlibrarycalc.code.tex"
File: tikzlibrarycalc.code.tex 2013/07/15 v3.0.1a (rcs-revision 1.9)
)
("C:\Program Files (x86)\MiKTeX 2.9\tex\generic\pgf\frontendlayer\tikz\librarie
s\tikzlibrarypatterns.code.tex"
File: tikzlibrarypatterns.code.tex 2008/01/15 v3.0.1a (rcs-revision 1.2)

("C:\Program Files (x86)\MiKTeX 2.9\tex\generic\pgf\libraries\pgflibrarypattern
s.code.tex"
File: pgflibrarypatterns.code.tex 2008/03/03 v3.0.1a (rcs-revision 1.13)
))
("C:\Program Files (x86)\MiKTeX 2.9\tex\generic\pgf\frontendlayer\tikz\librarie
s\tikzlibraryfit.code.tex"
File: tikzlibraryfit.code.tex 2013/07/12 v3.0.1a (rcs-revision 1.5)
)
("C:\Program Files (x86)\MiKTeX 2.9\tex\latex\caption\caption.sty"
Package: caption 2015/09/17 v3.3-111 Customizing captions (AR)

("C:\Program Files (x86)\MiKTeX 2.9\tex\latex\caption\caption3.sty"
Package: caption3 2015/09/20 v1.7-115 caption3 kernel (AR)
Package caption3 Info: TeX engine: e-TeX on input line 57.
\captionmargin=\dimen198
\captionmargin@=\dimen199
\captionwidth=\dimen200
\caption@tempdima=\dimen201
\caption@indent=\dimen202
\caption@parindent=\dimen203
\caption@hangindent=\dimen204
Package caption Info: Unknown document class (or package),
(caption)             standard defaults will be used.
)

Package caption Warning: Unsupported document class (or package) detected,
(caption)                usage of the caption package is not recommended.
See the caption package documentation for explanation.

Package caption Info: \@makecaption = \long macro:#1#2-> \vskip 10pt \baselines
kip 11pt \setbox \@tempboxa \hbox {#1. #2} \ifdim \wd \@tempboxa >\hsize \sbox 
{\newcaptionbox }{\small \sl #1.~} \newcaptionboxwid =\wd \newcaptionbox \usebo
x \newcaptionbox {\footnotesize #2} \else \centerline {{\small \sl #1.} {\small
 #2}} \fi .
\c@ContinuedFloat=\count167
Package caption Info: float package is loaded.
Package caption Info: hyperref package is loaded.
Package caption Info: subfigure package is loaded.
) ("C:\Program Files (x86)\MiKTeX 2.9\tex\latex\tools\xspace.sty"
Package: xspace 2009/10/20 v1.13 Space after command names (DPC,MH)
)
("C:\Program Files (x86)\MiKTeX 2.9\tex\latex\makecell\makecell.sty"
Package: makecell 2009/08/03 V0.1e Managing of Tab Column Heads and Cells

("C:\Program Files (x86)\MiKTeX 2.9\tex\latex\tools\array.sty"
Package: array 2008/09/09 v2.4c Tabular extension package (FMi)
\col@sep=\dimen205
\extrarowheight=\dimen206
\NC@list=\toks49
\extratabsurround=\skip74
\backup@length=\skip75
)
\rotheadsize=\dimen207
\c@nlinenum=\count168
\TeXr@lab=\toks50
))
(C:\Users\Subhojyoti\Desktop\github\bandit_ICML\clustered_ucb.aux)
LaTeX Font Info:    Checking defaults for OML/cmm/m/it on input line 52.
LaTeX Font Info:    ... okay on input line 52.
LaTeX Font Info:    Checking defaults for T1/cmr/m/n on input line 52.
LaTeX Font Info:    ... okay on input line 52.
LaTeX Font Info:    Checking defaults for OT1/cmr/m/n on input line 52.
LaTeX Font Info:    ... okay on input line 52.
LaTeX Font Info:    Checking defaults for OMS/cmsy/m/n on input line 52.
LaTeX Font Info:    ... okay on input line 52.
LaTeX Font Info:    Checking defaults for OMX/cmex/m/n on input line 52.
LaTeX Font Info:    ... okay on input line 52.
LaTeX Font Info:    Checking defaults for U/cmr/m/n on input line 52.
LaTeX Font Info:    ... okay on input line 52.
LaTeX Font Info:    Checking defaults for PD1/pdf/m/n on input line 52.
LaTeX Font Info:    ... okay on input line 52.
LaTeX Font Info:    Try loading font information for OT1+ptm on input line 52.

("C:\Program Files (x86)\MiKTeX 2.9\tex\latex\psnfss\ot1ptm.fd"
File: ot1ptm.fd 2001/06/04 font definitions for OT1/ptm.
)
("C:\Program Files (x86)\MiKTeX 2.9\tex\context\base\supp-pdf.mkii"
[Loading MPS to PDF converter (version 2006.09.02).]
\scratchcounter=\count169
\scratchdimen=\dimen208
\scratchbox=\box66
\nofMPsegments=\count170
\nofMParguments=\count171
\everyMPshowfont=\toks51
\MPscratchCnt=\count172
\MPscratchDim=\dimen209
\MPnumerator=\count173
\makeMPintoPDFobject=\count174
\everyMPtoPDFconversion=\toks52
)
\AtBeginShipoutBox=\box67
Package hyperref Info: Link coloring ON on input line 52.
 ("C:\Program Files (x86)\MiKTeX 2.9\tex\latex\hyperref\nameref.sty"
Package: nameref 2012/10/27 v2.43 Cross-referencing by name of section

("C:\Program Files (x86)\MiKTeX 2.9\tex\generic\oberdiek\gettitlestring.sty"
Package: gettitlestring 2010/12/03 v1.4 Cleanup title references (HO)
)
\c@section@level=\count175
)
LaTeX Info: Redefining \ref on input line 52.
LaTeX Info: Redefining \pageref on input line 52.
LaTeX Info: Redefining \nameref on input line 52.

(C:\Users\Subhojyoti\Desktop\github\bandit_ICML\clustered_ucb.out)
(C:\Users\Subhojyoti\Desktop\github\bandit_ICML\clustered_ucb.out)
\@outlinefile=\write4

ABD: EveryShipout initializing macros

Package pgfplots Warning: running in backwards compatibility mode (unsuitable t
ick labels; missing features). Consider writing \pgfplotsset{compat=1.13} into 
your preamble.
 on input line 52.

Package caption Info: Begin \AtBeginDocument code.
Package caption Info: End \AtBeginDocument code.
LaTeX Font Info:    Font shape `OT1/ptm/bx/n' in size <9> not available
(Font)              Font shape `OT1/ptm/b/n' tried instead on input line 102.
LaTeX Font Info:    Font shape `OT1/ptm/bx/n' in size <14.4> not available
(Font)              Font shape `OT1/ptm/b/n' tried instead on input line 102.
LaTeX Font Info:    Font shape `OT1/ptm/bx/n' in size <10> not available
(Font)              Font shape `OT1/ptm/b/n' tried instead on input line 102.
\c@@affil@anon=\count176
LaTeX Font Info:    Try loading font information for U+msa on input line 102.
("C:\Program Files (x86)\MiKTeX 2.9\tex\latex\amsfonts\umsa.fd"
File: umsa.fd 2013/01/14 v3.01 AMS symbols A
)
LaTeX Font Info:    Try loading font information for U+msb on input line 102.

("C:\Program Files (x86)\MiKTeX 2.9\tex\latex\amsfonts\umsb.fd"
File: umsb.fd 2013/01/14 v3.01 AMS symbols B
)
LaTeX Font Info:    Font shape `OT1/ptm/bx/n' in size <12> not available
(Font)              Font shape `OT1/ptm/b/n' tried instead on input line 116.


Package xcolor Warning: Incompatible color definition on input line 117.


Package xcolor Warning: Incompatible color definition on input line 117.


Package xcolor Warning: Incompatible color definition on input line 117.


Package xcolor Warning: Incompatible color definition on input line 117.


Package xcolor Warning: Incompatible color definition on input line 117.


Package xcolor Warning: Incompatible color definition on input line 117.

(C:\Users\Subhojyoti\Desktop\github\bandit_ICML\intro.tex

Package xcolor Warning: Incompatible color definition on input line 24.


Package xcolor Warning: Incompatible color definition on input line 24.


Package xcolor Warning: Incompatible color definition on input line 24.


Package xcolor Warning: Incompatible color definition on input line 24.


Package xcolor Warning: Incompatible color definition on input line 25.


Package xcolor Warning: Incompatible color definition on input line 25.


Package xcolor Warning: Incompatible color definition on input line 29.


Package xcolor Warning: Incompatible color definition on input line 29.


Package xcolor Warning: Incompatible color definition on input line 29.


Package xcolor Warning: Incompatible color definition on input line 29.


Package xcolor Warning: Incompatible color definition on input line 29.


Package xcolor Warning: Incompatible color definition on input line 29.


Package xcolor Warning: Incompatible color definition on input line 29.


Package xcolor Warning: Incompatible color definition on input line 29.


Package xcolor Warning: Incompatible color definition on input line 29.


Package xcolor Warning: Incompatible color definition on input line 29.


Package xcolor Warning: Incompatible color definition on input line 29.


Package xcolor Warning: Incompatible color definition on input line 29.


Package xcolor Warning: Incompatible color definition on input line 29.


Package xcolor Warning: Incompatible color definition on input line 30.


Package xcolor Warning: Incompatible color definition on input line 30.

[1{C:/ProgramData/MiKTeX/2.9/pdftex/config/pdftex.map}



]

Package xcolor Warning: Incompatible color definition on input line 32.


Package xcolor Warning: Incompatible color definition on input line 32.


Package xcolor Warning: Incompatible color definition on input line 32.


Package xcolor Warning: Incompatible color definition on input line 32.


Package xcolor Warning: Incompatible color definition on input line 32.


Package xcolor Warning: Incompatible color definition on input line 32.


Package xcolor Warning: Incompatible color definition on input line 32.


Package xcolor Warning: Incompatible color definition on input line 32.


Package xcolor Warning: Incompatible color definition on input line 32.


Package xcolor Warning: Incompatible color definition on input line 32.


Package xcolor Warning: Incompatible color definition on input line 32.


Package xcolor Warning: Incompatible color definition on input line 32.


Package xcolor Warning: Incompatible color definition on input line 32.


Package xcolor Warning: Incompatible color definition on input line 32.


Package xcolor Warning: Incompatible color definition on input line 32.


Package xcolor Warning: Incompatible color definition on input line 32.


Underfull \hbox (badness 1168) in paragraph at lines 32--33
\OT1/ptm/m/n/10 con-tex-tual MAB. In con-tex-tual MAB, there are side-
 []


Underfull \hbox (badness 1590) in paragraph at lines 32--33
\OT1/ptm/m/n/10 ([][]2002[][]); [][]Lang-ford & Zhang[][] ([][]2008[][]); [][]L
i et al.[][] ([][]2010[][]);
 []


Package xcolor Warning: Incompatible color definition on input line 46.


Package xcolor Warning: Incompatible color definition on input line 46.


Package xcolor Warning: Incompatible color definition on input line 46.


Underfull \vbox (badness 10000) has occurred while \output is active []



Package xcolor Warning: Incompatible color definition on input line 50.


Package xcolor Warning: Incompatible color definition on input line 50.


Underfull \hbox (badness 1708) in paragraph at lines 50--50
[]\OT1/ptm/m/n/10 Table 1: |Com-par-i-son of dif-fer-ent al-go-rithms against
 []


Package xcolor Warning: Incompatible color definition on input line 85.


Package xcolor Warning: Incompatible color definition on input line 85.


Package xcolor Warning: Incompatible color definition on input line 85.


Package xcolor Warning: Incompatible color definition on input line 85.


Package xcolor Warning: Incompatible color definition on input line 85.


Package xcolor Warning: Incompatible color definition on input line 85.


Package xcolor Warning: Incompatible color definition on input line 85.


Package xcolor Warning: Incompatible color definition on input line 85.


Package xcolor Warning: Incompatible color definition on input line 85.


Package xcolor Warning: Incompatible color definition on input line 85.


Package xcolor Warning: Incompatible color definition on input line 85.


Package xcolor Warning: Incompatible color definition on input line 85.


Package xcolor Warning: Incompatible color definition on input line 85.


Package xcolor Warning: Incompatible color definition on input line 85.


Package xcolor Warning: Incompatible color definition on input line 85.


Package xcolor Warning: Incompatible color definition on input line 85.


Package xcolor Warning: Incompatible color definition on input line 85.


Underfull \hbox (badness 3291) in paragraph at lines 85--86
[]\OT1/ptm/m/n/10 On four syn-thetic se-tups with small gaps, we ob-
 []


Underfull \hbox (badness 2913) in paragraph at lines 85--86
\OT1/ptm/m/n/10 serve em-pir-i-cally that EClusUCB out-per-forms UCB-
 []


Underfull \hbox (badness 2961) in paragraph at lines 85--86
\OT1/ptm/m/n/10 Improved([][]Auer & Or-t-ner[][], [][]2010[][]), MOSS([][]Audib
ert &
 []


Underfull \hbox (badness 1173) in paragraph at lines 85--86
\OT1/ptm/m/n/10 Bubeck[][], [][]2009[][]) and OCUCB([][]Lattimore[][], [][]2015
[][]) as well
 []


Underfull \hbox (badness 1199) in paragraph at lines 85--86
\OT1/ptm/m/n/10 as other pop-u-lar stochas-tic ban-dit al-go-rithms such as
 []


Underfull \hbox (badness 2951) in paragraph at lines 85--86
\OT1/ptm/m/n/10 DMED([][]Honda & Take-mura[][], [][]2010[][]), UCB-V([][]Audibe
rt
 []


Underfull \hbox (badness 1888) in paragraph at lines 85--86
\OT1/ptm/m/n/10 UCB([][]Garivier & Capp[]e[][], [][]2011[][]). Adap-tive ClusUC
B
 []


Package xcolor Warning: Incompatible color definition on input line 87.


Package xcolor Warning: Incompatible color definition on input line 87.


Package xcolor Warning: Incompatible color definition on input line 87.


Package xcolor Warning: Incompatible color definition on input line 87.


Package xcolor Warning: Incompatible color definition on input line 87.


Package xcolor Warning: Incompatible color definition on input line 87.


Package xcolor Warning: Incompatible color definition on input line 87.


Package xcolor Warning: Incompatible color definition on input line 87.

) (C:\Users\Subhojyoti\Desktop\github\bandit_ICML\ealgo.tex
LaTeX Font Info:    Font shape `OT1/ptm/bx/it' in size <10> not available
(Font)              Font shape `OT1/ptm/b/it' tried instead on input line 34.


LaTeX Warning: `!h' float specifier changed to `!ht'.


Package xcolor Warning: Incompatible color definition on input line 63.


Package xcolor Warning: Incompatible color definition on input line 63.


Underfull \vbox (badness 1168) has occurred while \output is active []

 [2]

Package xcolor Warning: Incompatible color definition on input line 71.


Package xcolor Warning: Incompatible color definition on input line 75.


Package xcolor Warning: Incompatible color definition on input line 75.


Package xcolor Warning: Incompatible color definition on input line 77.


Package xcolor Warning: Incompatible color definition on input line 77.


Package xcolor Warning: Incompatible color definition on input line 82.


Package xcolor Warning: Incompatible color definition on input line 82.


Package xcolor Warning: Incompatible color definition on input line 84.


Package xcolor Warning: Incompatible color definition on input line 84.


Package xcolor Warning: Incompatible color definition on input line 84.


Package xcolor Warning: Incompatible color definition on input line 84.


Package xcolor Warning: Incompatible color definition on input line 89.

)
Underfull \vbox (badness 10000) has occurred while \output is active []

 [3]
(C:\Users\Subhojyoti\Desktop\github\bandit_ICML\results.tex

Package xcolor Warning: Incompatible color definition on input line 45.


Underfull \hbox (badness 6542) in paragraph at lines 53--60
[]\OT1/ptm/b/n/10 Corollary 1 \OT1/ptm/m/n/10 (\OT1/ptm/b/it/10 Gap-dependent b
ound\OT1/ptm/m/n/10 )\OT1/ptm/b/n/10 . []\OT1/ptm/m/it/10 With $\OML/cmm/m/it/1
0   \OT1/cmr/m/n/10 =$
 []


Package xcolor Warning: Incompatible color definition on input line 71.


Package xcolor Warning: Incompatible color definition on input line 86.


Package xcolor Warning: Incompatible color definition on input line 86.


Underfull \hbox (badness 5133) in paragraph at lines 81--87
[]\OT1/ptm/m/n/10 The most sig-nif-i-cant term in the bound above is
 []


Package xcolor Warning: Incompatible color definition on input line 114.


Package xcolor Warning: Incompatible color definition on input line 144.


Package xcolor Warning: Incompatible color definition on input line 144.


Package xcolor Warning: Incompatible color definition on input line 145.

[4]

Package xcolor Warning: Incompatible color definition on input line 147.


Package xcolor Warning: Incompatible color definition on input line 149.


Package xcolor Warning: Incompatible color definition on input line 149.


Package xcolor Warning: Incompatible color definition on input line 150.


Package xcolor Warning: Incompatible color definition on input line 150.

) (C:\Users\Subhojyoti\Desktop\github\bandit_ICML\proofTheorem.tex

Package xcolor Warning: Incompatible color definition on input line 69.


Package xcolor Warning: Incompatible color definition on input line 69.


Underfull \vbox (badness 10000) has occurred while \output is active []



Package xcolor Warning: Incompatible color definition on input line 85.


Underfull \hbox (badness 4765) in paragraph at lines 97--102
\OT1/ptm/m/n/10 Along sim-i-lar lines, we have $\U/msb/m/n/10 P [] \OMS/cmsy/m/
n/10 $
 []

[5]
Underfull \hbox (badness 10000) in paragraph at lines 202--203

 []


Overfull \hbox (7.91563pt too wide) in paragraph at lines 224--224
[] 
 []


Package xcolor Warning: Incompatible color definition on input line 243.


Package xcolor Warning: Incompatible color definition on input line 243.

[6]

Package xcolor Warning: Incompatible color definition on input line 274.


Package xcolor Warning: Incompatible color definition on input line 279.


LaTeX Font Warning: Command \scriptsize invalid in math mode on input line 285.



LaTeX Font Warning: Command \scriptsize invalid in math mode on input line 285.



Overfull \hbox (5.22963pt too wide) in paragraph at lines 285--285
[] 
 []


Overfull \hbox (4.55388pt too wide) in paragraph at lines 295--295
[] 
 []


Underfull \hbox (badness 1472) in paragraph at lines 333--334
[]\OT1/ptm/b/n/10 Case b4: $[]$ \OT1/ptm/m/it/10 is not in $\OML/cmm/m/it/10 C[
]$\OT1/ptm/m/it/10 , but be-longs to
 []


Package xcolor Warning: Incompatible color definition on input line 360.


Package xcolor Warning: Incompatible color definition on input line 360.


Package xcolor Warning: Incompatible color definition on input line 360.


Package xcolor Warning: Incompatible color definition on input line 360.


Package xcolor Warning: Incompatible color definition on input line 360.


Package xcolor Warning: Incompatible color definition on input line 360.


Package xcolor Warning: Incompatible color definition on input line 360.


Package xcolor Warning: Incompatible color definition on input line 360.


Package xcolor Warning: Incompatible color definition on input line 360.

) (C:\Users\Subhojyoti\Desktop\github\bandit_ICML\expts.tex
PGFPlots: reading {results/NewExpt/Expt1/UCBV01_comp_subsampled.txt}
PGFPlots: reading {results/NewExpt/Expt1/UCB01_comp_subsampled.txt}
PGFPlots: reading {results/NewExpt/Expt1/KLUCB01_comp_subsampled.txt}
PGFPlots: reading {results/NewExpt/Expt1/MOSS01_comp_subsampled.txt}
PGFPlots: reading {results/NewExpt/Expt1/DMED01_comp_subsampled.txt}
PGFPlots: reading {results/NewExpt/Expt1/EclUCB01_1_comp_subsampled.txt}
PGFPlots: reading {results/NewExpt/Expt1/TS01_comp_subsampled.txt}
PGFPlots: reading {results/NewExpt/Expt1/OCUCB01_comp_subsampled.txt}

Underfull \hbox (badness 10000) in paragraph at lines 37--37
[]\OT1/ptm/m/n/9 (a) Ex-per-i-ment $\OT1/cmr/m/n/9 1$\OT1/ptm/m/n/9 : $\OT1/cmr
/m/n/9 20$
 []


Underfull \hbox (badness 10000) in paragraph at lines 37--37
\OT1/ptm/m/n/9 Bernoulli-distributed arms
 []


Underfull \hbox (badness 4954) in paragraph at lines 37--37
\OT1/ptm/m/n/9 with $\OML/cmm/m/it/9 r[] \OT1/cmr/m/n/9 = 0\OML/cmm/m/it/9 :\OT
1/cmr/m/n/9 07$ \OT1/ptm/m/n/9 and
 []

PGFPlots: reading {results/NewExpt/Expt2_2/UCB01_comp_subsampled.txt}
PGFPlots: reading {results/NewExpt/Expt2_2/MedElim_comp_subsampled.txt}
PGFPlots: reading {results/NewExpt/Expt2_2/MOSS01_comp_subsampled.txt}
PGFPlots: reading {results/NewExpt/Expt2_2/OCUCB01_comp_subsampled.txt}
PGFPlots: reading {results/NewExpt/Expt2_2/EclUCB01_comp_subsampled.txt}
PGFPlots: reading {results/NewExpt/Expt2_2/UCBR01_comp_subsampled.txt}

Underfull \hbox (badness 7030) in paragraph at lines 68--68
[]\OT1/ptm/m/n/9 (b) Ex-per-i-ment $\OT1/cmr/m/n/9 2$\OT1/ptm/m/n/9 : $\OT1/cmr
/m/n/9 100$
 []


Underfull \hbox (badness 10000) in paragraph at lines 68--68
\OT1/ptm/m/n/9 Gaussian-distributed arms
 []


Underfull \hbox (badness 2846) in paragraph at lines 68--68
\OT1/ptm/m/n/9 with $\OML/cmm/m/it/9 r[] \OT1/cmr/m/n/9 = 0\OML/cmm/m/it/9 :\OT
1/cmr/m/n/9 1$\OT1/ptm/m/n/9 ,
 []


Underfull \hbox (badness 3724) in paragraph at lines 68--68
$\OML/cmm/m/it/9 r[] \OT1/cmr/m/n/9 = 0\OML/cmm/m/it/9 :\OT1/cmr/m/n/9 6$ \OT1/
ptm/m/n/9 and
 []


Overfull \hbox (3.48491pt too wide) in paragraph at lines 3--70
 [][] 
 []


Package xcolor Warning: Incompatible color definition on input line 74.


Package xcolor Warning: Incompatible color definition on input line 74.


Package xcolor Warning: Incompatible color definition on input line 74.


Package xcolor Warning: Incompatible color definition on input line 74.


Package xcolor Warning: Incompatible color definition on input line 74.


Package xcolor Warning: Incompatible color definition on input line 74.


Package xcolor Warning: Incompatible color definition on input line 74.


Package xcolor Warning: Incompatible color definition on input line 74.


Package xcolor Warning: Incompatible color definition on input line 74.


Package xcolor Warning: Incompatible color definition on input line 74.


Package xcolor Warning: Incompatible color definition on input line 74.


Package xcolor Warning: Incompatible color definition on input line 74.


Package xcolor Warning: Incompatible color definition on input line 74.


Package xcolor Warning: Incompatible color definition on input line 74.


Package xcolor Warning: Incompatible color definition on input line 74.


Package xcolor Warning: Incompatible color definition on input line 74.


Package xcolor Warning: Incompatible color definition on input line 74.


Package xcolor Warning: Incompatible color definition on input line 74.


Package xcolor Warning: Incompatible color definition on input line 74.


Package xcolor Warning: Incompatible color definition on input line 74.


Package xcolor Warning: Incompatible color definition on input line 74.


Package xcolor Warning: Incompatible color definition on input line 74.


Underfull \hbox (badness 5637) in paragraph at lines 74--76
\OT1/ptm/m/n/10 UCB1([][]Auer et al.[][], [][]2002a[][]), UCB-Improved([][]Auer
 &
 []


Underfull \hbox (badness 4819) in paragraph at lines 74--76
\OT1/ptm/m/n/10 Or-t-ner[][], [][]2010[][]), Me-dian Elim-i-na-tion([][]Even-Da
r et al.[][],
 []

[7]

Package xcolor Warning: Incompatible color definition on input line 80.


Package xcolor Warning: Incompatible color definition on input line 83.


Package xcolor Warning: Incompatible color definition on input line 83.

PGFPlots: reading {results/NewExpt/Expt3_1/plotFinalMOSS20_100.txt}
PGFPlots: reading {results/NewExpt/Expt3_1/plotFinalEclUCB20_100.txt}
PGFPlots: reading {results/NewExpt/Expt3_1/plotFinalOCUCB20_100.txt}

Underfull \hbox (badness 3138) in paragraph at lines 112--112
[]\OT1/ptm/m/n/9 (a) Ex-per-i-ment $\OT1/cmr/m/n/9 3$\OT1/ptm/m/n/9 : Ex-per-i-

 []

PGFPlots: reading {results/NewExpt/Expt4/plotFinalAclUCB012.txt}
PGFPlots: reading {results/NewExpt/Expt4/plotFinalEclUCB012.txt}

Overfull \hbox (6.37428pt too wide) in paragraph at lines 87--144
 [][] 
 []


Package xcolor Warning: Incompatible color definition on input line 147.


Package xcolor Warning: Incompatible color definition on input line 147.


Package xcolor Warning: Incompatible color definition on input line 147.


Package xcolor Warning: Incompatible color definition on input line 151.


Package xcolor Warning: Incompatible color definition on input line 151.

) [8] (C:\Users\Subhojyoti\Desktop\github\bandit_ICML\clustered_ucb.bbl
Underfull \hbox (badness 2302) in paragraph at lines 20--25
[]\OT1/ptm/m/n/10 Audibert, Jean-Yves, Munos, R[]emi, and Szepesv[]ari,
 []


Underfull \hbox (badness 1533) in paragraph at lines 74--77
\OT1/ptm/m/n/10 G[]abor.  Ban-dits with heavy tail.  \OT1/ptm/m/it/10 arXiv pre
print
 []


Package xcolor Warning: Incompatible color definition on input line 86.

LaTeX Font Info:    Try loading font information for OT1+pcr on input line 86.
("C:\Program Files (x86)\MiKTeX 2.9\tex\latex\psnfss\ot1pcr.fd"
File: ot1pcr.fd 2001/06/04 font definitions for OT1/pcr.
)
Underfull \hbox (badness 1264) in paragraph at lines 138--141
[]\OT1/ptm/m/n/10 Lattimore, Tor.  Op-ti-mally con-fi-dent ucb: Im-proved
 []


Underfull \hbox (badness 5681) in paragraph at lines 138--141
\OT1/ptm/m/n/10 re-gret for finite-armed ban-dits.  \OT1/ptm/m/it/10 arXiv prep
rint
 []

[9

]) [10

] (C:\Users\Subhojyoti\Desktop\github\bandit_ICML\appendix.tex

Package xcolor Warning: Incompatible color definition on input line 4.


Package xcolor Warning: Incompatible color definition on input line 4.


Package xcolor Warning: Incompatible color definition on input line 4.


Package xcolor Warning: Incompatible color definition on input line 4.


Package xcolor Warning: Incompatible color definition on input line 4.


Package xcolor Warning: Incompatible color definition on input line 4.


Package xcolor Warning: Incompatible color definition on input line 4.


Package xcolor Warning: Incompatible color definition on input line 4.


Package xcolor Warning: Incompatible color definition on input line 4.


Package xcolor Warning: Incompatible color definition on input line 4.


Package xcolor Warning: Incompatible color definition on input line 4.


Package xcolor Warning: Incompatible color definition on input line 4.


Package xcolor Warning: Incompatible color definition on input line 35.


Package xcolor Warning: Incompatible color definition on input line 53.


Package xcolor Warning: Incompatible color definition on input line 105.

[11


] [12]

Package xcolor Warning: Incompatible color definition on input line 372.


Package xcolor Warning: Incompatible color definition on input line 390.

[13]

Package xcolor Warning: Incompatible color definition on input line 440.


Package xcolor Warning: Incompatible color definition on input line 440.


Package xcolor Warning: Incompatible color definition on input line 440.


Package xcolor Warning: Incompatible color definition on input line 440.


Package xcolor Warning: Incompatible color definition on input line 440.


Package xcolor Warning: Incompatible color definition on input line 440.


Package xcolor Warning: Incompatible color definition on input line 440.


Package xcolor Warning: Incompatible color definition on input line 440.


Package xcolor Warning: Incompatible color definition on input line 445.


Package xcolor Warning: Incompatible color definition on input line 445.


Package xcolor Warning: Incompatible color definition on input line 445.


Package xcolor Warning: Incompatible color definition on input line 445.

[14]

Package xcolor Warning: Incompatible color definition on input line 449.


Package xcolor Warning: Incompatible color definition on input line 467.

[15]
Overfull \hbox (20.0216pt too wide) in paragraph at lines 507--507
[] 
 []


Package xcolor Warning: Incompatible color definition on input line 520.


Underfull \hbox (badness 10000) in paragraph at lines 552--552
[]|\OT1/ptm/m/n/10 Only
 []


Underfull \hbox (badness 10000) in paragraph at lines 552--552
\OT1/ptm/m/n/10 Arm
 []


Underfull \hbox (badness 10000) in paragraph at lines 552--552
\OT1/ptm/m/n/10 Elim-i-
 []


Underfull \hbox (badness 10000) in paragraph at lines 552--552
\OT1/ptm/m/n/10 na-tion
 []


Overfull \hbox (5.72575pt too wide) in paragraph at lines 552--552
\OT1/ptm/m/n/10 (ClusUCB-
 []


Package xcolor Warning: Incompatible color definition on input line 552.


Package xcolor Warning: Incompatible color definition on input line 552.


Package xcolor Warning: Incompatible color definition on input line 552.


Package xcolor Warning: Incompatible color definition on input line 552.


Underfull \hbox (badness 3514) in paragraph at lines 552--554
[]|\OT1/ptm/m/n/10 With $\OML/cmm/m/it/10 [] \OT1/cmr/m/n/10 = []\OML/cmm/m/it
/10 ;$ \OT1/ptm/m/n/10 and
 []


Underfull \hbox (badness 6094) in paragraph at lines 552--554
$\OML/cmm/m/it/10   \OT1/cmr/m/n/10 = []$ \OT1/ptm/m/n/10 this
 []


Underfull \hbox (badness 10000) in paragraph at lines 552--554
\OT1/ptm/m/n/10 gives $\OT1/cmr/m/n/10 150[] +$
 []


Underfull \hbox (badness 5578) in paragraph at lines 552--554
\OT1/ptm/m/n/10 this has an or-der of
 []


Underfull \hbox (badness 10000) in paragraph at lines 559--559
[]|\OT1/ptm/m/n/10 Arm &
 []


Underfull \hbox (badness 10000) in paragraph at lines 559--559
\OT1/ptm/m/n/10 Clus-ter
 []


Underfull \hbox (badness 10000) in paragraph at lines 559--559
\OT1/ptm/m/n/10 Elim-i-
 []


Underfull \hbox (badness 10000) in paragraph at lines 559--559
\OT1/ptm/m/n/10 na-tion
 []


Overfull \hbox (5.72575pt too wide) in paragraph at lines 559--559
\OT1/ptm/m/n/10 (ClusUCB)| 
 []


Package xcolor Warning: Incompatible color definition on input line 560.


Package xcolor Warning: Incompatible color definition on input line 560.


Package xcolor Warning: Incompatible color definition on input line 560.


Package xcolor Warning: Incompatible color definition on input line 560.


Overfull \hbox (4.35027pt too wide) in paragraph at lines 560--560
[] 
 []


Underfull \hbox (badness 10000) in paragraph at lines 560--561
[]|\OT1/ptm/m/n/10 With $\OML/cmm/m/it/10 [] \OT1/cmr/m/n/10 = []$\OT1/ptm/m/n
/10 ,
 []


Underfull \hbox (badness 10000) in paragraph at lines 560--561
\OT1/ptm/m/n/10 gives $[] \OT1/cmr/m/n/10 +$
 []


Underfull \hbox (badness 10000) in paragraph at lines 560--561
$[] \OT1/cmr/m/n/10 +$
 []


Overfull \hbox (8.09377pt too wide) in paragraph at lines 560--561
$\OT1/cmr/m/n/10 300[][] +$
 []


Underfull \hbox (badness 10000) in paragraph at lines 560--561
$\OT1/cmr/m/n/10 300[][]$\OT1/ptm/m/n/10 .
 []


Underfull \hbox (badness 10000) in paragraph at lines 560--561
\OT1/ptm/m/n/10 So we can re-duce
 []


Underfull \hbox (badness 10000) in paragraph at lines 560--561
\OT1/ptm/m/n/10 the er-ror bound to
 []


Overfull \hbox (3.49927pt too wide) in paragraph at lines 560--561
$\OML/cmm/m/it/10 O\OT1/cmr/m/n/10 ([][])$\OT1/ptm/m/n/10 .| 
 []


Package xcolor Warning: Incompatible color definition on input line 567.


Package xcolor Warning: Incompatible color definition on input line 858.


Package xcolor Warning: Incompatible color definition on input line 874.


Package xcolor Warning: Incompatible color definition on input line 874.

[16]

Package xcolor Warning: Incompatible color definition on input line 877.


Package xcolor Warning: Incompatible color definition on input line 878.


Package xcolor Warning: Incompatible color definition on input line 878.


Overfull \hbox (3.0702pt too wide) in paragraph at lines 892--892
[] 
 []

[17]

Package xcolor Warning: Incompatible color definition on input line 934.


Package xcolor Warning: Incompatible color definition on input line 940.

[18]

Package xcolor Warning: Incompatible color definition on input line 1009.


Package xcolor Warning: Incompatible color definition on input line 1009.


Package xcolor Warning: Incompatible color definition on input line 1009.


Package xcolor Warning: Incompatible color definition on input line 1009.

PGFPlots: reading {results/NewExpt/Expt5/CCB01_comp_subsampled.txt}
PGFPlots: reading {results/NewExpt/Expt5/EclUCB011_comp_subsampled.txt}

LaTeX Warning: `!h' float specifier changed to `!ht'.


Package xcolor Warning: Incompatible color definition on input line 1110.


Package xcolor Warning: Incompatible color definition on input line 1110.


Package xcolor Warning: Incompatible color definition on input line 1110.


Package xcolor Warning: Incompatible color definition on input line 1110.


Package xcolor Warning: Incompatible color definition on input line 1110.

) [19] [20]
Package atveryend Info: Empty hook `BeforeClearDocument' on input line 179.
 [21]
Package atveryend Info: Empty hook `AfterLastShipout' on input line 179.

(C:\Users\Subhojyoti\Desktop\github\bandit_ICML\clustered_ucb.aux)
Package atveryend Info: Executing hook `AtVeryEndDocument' on input line 179.
Package atveryend Info: Executing hook `AtEndAfterFileList' on input line 179.
Package rerunfilecheck Info: File `clustered_ucb.out' has not changed.
(rerunfilecheck)             Checksum: D41D8CD98F00B204E9800998ECF8427E;0.
Package atveryend Info: Empty hook `AtVeryVeryEnd' on input line 179.
 ) 
Here is how much of TeX's memory you used:
 31427 strings out of 493921
 743207 string characters out of 3144861
 993418 words of memory out of 3000000
 33980 multiletter control sequences out of 15000+200000
 40659 words of font info for 94 fonts, out of 3000000 for 9000
 841 hyphenation exceptions out of 8191
 62i,29n,107p,2102b,2477s stack positions out of 5000i,500n,10000p,200000b,50000s
{C:/Program Files (x86)/MiKTeX 2.9/fonts/enc/dvips/fontname/8r.enc}<C:/Progra
m Files (x86)/MiKTeX 2.9/fonts/type1/public/amsfonts/cm/cmex10.pfb><C:/Program 
Files (x86)/MiKTeX 2.9/fonts/type1/public/amsfonts/cmextra/cmex7.pfb><C:/Progra
m Files (x86)/MiKTeX 2.9/fonts/type1/public/amsfonts/cm/cmmi10.pfb><C:/Program 
Files (x86)/MiKTeX 2.9/fonts/type1/public/amsfonts/cm/cmmi12.pfb><C:/Program Fi
les (x86)/MiKTeX 2.9/fonts/type1/public/amsfonts/cm/cmmi5.pfb><C:/Program Files
 (x86)/MiKTeX 2.9/fonts/type1/public/amsfonts/cm/cmmi6.pfb><C:/Program Files (x
86)/MiKTeX 2.9/fonts/type1/public/amsfonts/cm/cmmi7.pfb><C:/Program Files (x86)
/MiKTeX 2.9/fonts/type1/public/amsfonts/cm/cmmi9.pfb><C:/Program Files (x86)/Mi
KTeX 2.9/fonts/type1/public/amsfonts/cm/cmr10.pfb><C:/Program Files (x86)/MiKTe
X 2.9/fonts/type1/public/amsfonts/cm/cmr12.pfb><C:/Program Files (x86)/MiKTeX 2
.9/fonts/type1/public/amsfonts/cm/cmr17.pfb><C:/Program Files (x86)/MiKTeX 2.9/
fonts/type1/public/amsfonts/cm/cmr5.pfb><C:/Program Files (x86)/MiKTeX 2.9/font
s/type1/public/amsfonts/cm/cmr6.pfb><C:/Program Files (x86)/MiKTeX 2.9/fonts/ty
pe1/public/amsfonts/cm/cmr7.pfb><C:/Program Files (x86)/MiKTeX 2.9/fonts/type1/
public/amsfonts/cm/cmr9.pfb><C:/Program Files (x86)/MiKTeX 2.9/fonts/type1/publ
ic/amsfonts/cm/cmsy10.pfb><C:/Program Files (x86)/MiKTeX 2.9/fonts/type1/public
/amsfonts/cm/cmsy5.pfb><C:/Program Files (x86)/MiKTeX 2.9/fonts/type1/public/am
sfonts/cm/cmsy6.pfb><C:/Program Files (x86)/MiKTeX 2.9/fonts/type1/public/amsfo
nts/cm/cmsy7.pfb><C:/Program Files (x86)/MiKTeX 2.9/fonts/type1/public/amsfonts
/symbols/msam10.pfb><C:/Program Files (x86)/MiKTeX 2.9/fonts/type1/public/amsfo
nts/symbols/msbm10.pfb><C:/Program Files (x86)/MiKTeX 2.9/fonts/type1/public/am
sfonts/symbols/msbm7.pfb><C:/Program Files (x86)/MiKTeX 2.9/fonts/type1/urw/cou
rier/ucrr8a.pfb><C:/Program Files (x86)/MiKTeX 2.9/fonts/type1/urw/times/utmb8a
.pfb><C:/Program Files (x86)/MiKTeX 2.9/fonts/type1/urw/times/utmbi8a.pfb><C:/P
rogram Files (x86)/MiKTeX 2.9/fonts/type1/urw/times/utmr8a.pfb><C:/Program File
s (x86)/MiKTeX 2.9/fonts/type1/urw/times/utmri8a.pfb><C:/Program Files (x86)/Mi
KTeX 2.9/fonts/type1/urw/zapfding/uzdr.pfb>
Output written on clustered_ucb.pdf (21 pages, 489344 bytes).
PDF statistics:
 553 PDF objects out of 1000 (max. 8388607)
 104 named destinations out of 1000 (max. 500000)
 13 words of extra memory for PDF output out of 10000 (max. 10000000)

